[debug] [2021-04-13T21:16:37.900Z] ----------------------------------------------------------------------
[debug] [2021-04-13T21:16:37.902Z] Command:       /usr/bin/node /usr/local/bin/firebase emulators:start
[debug] [2021-04-13T21:16:37.902Z] CLI Version:   9.9.0
[debug] [2021-04-13T21:16:37.902Z] Platform:      linux
[debug] [2021-04-13T21:16:37.902Z] Node Version:  v10.19.0
[debug] [2021-04-13T21:16:37.903Z] Time:          Tue Apr 13 2021 23:16:37 GMT+0200 (Central European Summer Time)
[debug] [2021-04-13T21:16:37.903Z] ----------------------------------------------------------------------
[debug] 
[debug] [2021-04-13T21:16:37.909Z] > command requires scopes: ["email","openid","https://www.googleapis.com/auth/cloudplatformprojects.readonly","https://www.googleapis.com/auth/firebase","https://www.googleapis.com/auth/cloud-platform"]
[debug] [2021-04-13T21:16:37.910Z] > authorizing via signed-in user (tomasz.grochocki06@gmail.com)
[info] i  emulators: Starting emulators: auth, functions, database, hosting {"metadata":{"emulator":{"name":"hub"},"message":"Starting emulators: auth, functions, database, hosting"}}
[debug] [2021-04-13T21:16:37.936Z] [hub] writing locator at /tmp/hub-tigik-8d88c.json
[warn] ⚠  functions: The following emulators are not running, calls to these services from the Functions emulator will affect production: firestore, pubsub {"metadata":{"emulator":{"name":"functions"},"message":"The following emulators are not running, calls to these services from the Functions emulator will affect production: \u001b[1mfirestore, pubsub\u001b[22m"}}
[warn] ⚠  Your requested "node" version "12" doesn't match your global version "10" {"metadata":{"emulator":{"name":"functions"},"message":"Your requested \"node\" version \"12\" doesn't match your global version \"10\""}}
[debug] [2021-04-13T21:16:37.971Z] defaultcredentials: writing to file /home/tomek/.config/firebase/tomasz_grochocki06_gmail.com_application_default_credentials.json
[debug] [2021-04-13T21:16:37.974Z] Setting GAC to /home/tomek/.config/firebase/tomasz_grochocki06_gmail.com_application_default_credentials.json {"metadata":{"emulator":{"name":"functions"},"message":"Setting GAC to /home/tomek/.config/firebase/tomasz_grochocki06_gmail.com_application_default_credentials.json"}}
[debug] [2021-04-13T21:16:37.976Z] >>> [apiv2][query] GET https://firebase.googleapis.com/v1beta1/projects/tigik-8d88c/adminSdkConfig [none]
[debug] [2021-04-13T21:16:38.423Z] <<< [apiv2][status] GET https://firebase.googleapis.com/v1beta1/projects/tigik-8d88c/adminSdkConfig 200
[debug] [2021-04-13T21:16:38.424Z] <<< [apiv2][body] GET https://firebase.googleapis.com/v1beta1/projects/tigik-8d88c/adminSdkConfig {"projectId":"tigik-8d88c","databaseURL":"https://tigik-8d88c.firebaseio.com","storageBucket":"tigik-8d88c.appspot.com","locationId":"us-central"}
[debug] [2021-04-13T21:16:38.445Z] >>> [apiv2][query] GET https://firebase.googleapis.com/v1beta1/projects/tigik-8d88c [none]
[debug] [2021-04-13T21:16:38.642Z] <<< [apiv2][status] GET https://firebase.googleapis.com/v1beta1/projects/tigik-8d88c 200
[debug] [2021-04-13T21:16:38.643Z] <<< [apiv2][body] GET https://firebase.googleapis.com/v1beta1/projects/tigik-8d88c {"projectId":"tigik-8d88c","projectNumber":"977073675514","displayName":"tigik","name":"projects/tigik-8d88c","resources":{"hostingSite":"tigik-8d88c","realtimeDatabaseInstance":"tigik-8d88c","storageBucket":"tigik-8d88c.appspot.com","locationId":"us-central"},"state":"ACTIVE"}
[debug] [2021-04-13T21:16:38.644Z] database rules config:  [{"instance":"tigik-8d88c","rules":"/home/tomek/Projects/tigik/database.rules.json"}]
[debug] [2021-04-13T21:16:38.657Z] Ignoring unsupported arg: projectId {"metadata":{"emulator":{"name":"database"},"message":"Ignoring unsupported arg: projectId"}}
[debug] [2021-04-13T21:16:38.658Z] Ignoring unsupported arg: auto_download {"metadata":{"emulator":{"name":"database"},"message":"Ignoring unsupported arg: auto_download"}}
[debug] [2021-04-13T21:16:38.658Z] Ignoring unsupported arg: rules {"metadata":{"emulator":{"name":"database"},"message":"Ignoring unsupported arg: rules"}}
[debug] [2021-04-13T21:16:38.659Z] Starting Database Emulator with command {"binary":"java","args":["-Duser.language=en","-jar","/home/tomek/.cache/firebase/emulators/firebase-database-emulator-v4.7.2.jar","--host","localhost","--port",9000,"--functions_emulator_host","localhost","--functions_emulator_port",5001],"optionalArgs":["port","host","functions_emulator_port","functions_emulator_host"],"joinArgs":false} {"metadata":{"emulator":{"name":"database"},"message":"Starting Database Emulator with command {\"binary\":\"java\",\"args\":[\"-Duser.language=en\",\"-jar\",\"/home/tomek/.cache/firebase/emulators/firebase-database-emulator-v4.7.2.jar\",\"--host\",\"localhost\",\"--port\",9000,\"--functions_emulator_host\",\"localhost\",\"--functions_emulator_port\",5001],\"optionalArgs\":[\"port\",\"host\",\"functions_emulator_port\",\"functions_emulator_host\"],\"joinArgs\":false}"}}
[info] i  database: Database Emulator logging to database-debug.log {"metadata":{"emulator":{"name":"database"},"message":"Database Emulator logging to \u001b[1mdatabase-debug.log\u001b[22m"}}
[debug] [2021-04-13T21:16:39.287Z] WARNING: An illegal reflective access operation has occurred
WARNING: Illegal reflective access by io.netty.util.internal.ReflectionUtil (file:/home/tomek/.cache/firebase/emulators/firebase-database-emulator-v4.7.2.jar) to field sun.nio.ch.SelectorImpl.selectedKeys
WARNING: Please consider reporting this to the maintainers of io.netty.util.internal.ReflectionUtil
WARNING: Use --illegal-access=warn to enable warnings of further illegal reflective access operations
WARNING: All illegal access operations will be denied in a future release
 {"metadata":{"emulator":{"name":"database"},"message":"WARNING: An illegal reflective access operation has occurred\nWARNING: Illegal reflective access by io.netty.util.internal.ReflectionUtil (file:/home/tomek/.cache/firebase/emulators/firebase-database-emulator-v4.7.2.jar) to field sun.nio.ch.SelectorImpl.selectedKeys\nWARNING: Please consider reporting this to the maintainers of io.netty.util.internal.ReflectionUtil\nWARNING: Use --illegal-access=warn to enable warnings of further illegal reflective access operations\nWARNING: All illegal access operations will be denied in a future release\n"}}
[debug] [2021-04-13T21:16:40.016Z] 23:16:40.013 [NamespaceSystem-akka.actor.default-dispatcher-5] INFO akka.event.slf4j.Slf4jLogger - Slf4jLogger started
 {"metadata":{"emulator":{"name":"database"},"message":"23:16:40.013 [NamespaceSystem-akka.actor.default-dispatcher-5] INFO akka.event.slf4j.Slf4jLogger - Slf4jLogger started\n"}}
[debug] [2021-04-13T21:16:40.192Z] 23:16:40.192 [main] INFO com.firebase.server.forge.App$ - Listening at localhost:9000
 {"metadata":{"emulator":{"name":"database"},"message":"23:16:40.192 [main] INFO com.firebase.server.forge.App$ - Listening at localhost:9000\n"}}
[debug] [2021-04-13T21:16:42.782Z] >>> [apiv2][query] GET https://firebase.googleapis.com/v1beta1/projects/tigik-8d88c/webApps/-/config [none]
[debug] [2021-04-13T21:16:43.732Z] <<< [apiv2][status] GET https://firebase.googleapis.com/v1beta1/projects/tigik-8d88c/webApps/-/config 200
[debug] [2021-04-13T21:16:43.733Z] <<< [apiv2][body] GET https://firebase.googleapis.com/v1beta1/projects/tigik-8d88c/webApps/-/config {"projectId":"tigik-8d88c","appId":"1:977073675514:web:49cbd33aee3e6056e07d43","databaseURL":"https://tigik-8d88c.firebaseio.com","storageBucket":"tigik-8d88c.appspot.com","locationId":"us-central","apiKey":"AIzaSyAvbcQYPx6Ak_gBHZjXBg7VP3mXp2-m1KU","authDomain":"tigik-8d88c.firebaseapp.com","messagingSenderId":"977073675514"}
[info] i  hosting: Serving hosting files from: dist {"metadata":{"emulator":{"name":"hosting"},"message":"Serving hosting files from: \u001b[1mdist\u001b[22m"}}
[info] ✔  hosting: Local server: http://localhost:5000 {"metadata":{"emulator":{"name":"hosting"},"message":"Local server: \u001b[4m\u001b[1mhttp://localhost:5000\u001b[22m\u001b[24m"}}
[debug] [2021-04-13T21:16:43.773Z] Ignoring unsupported arg: auto_download {"metadata":{"emulator":{"name":"ui"},"message":"Ignoring unsupported arg: auto_download"}}
[debug] [2021-04-13T21:16:43.773Z] Ignoring unsupported arg: port {"metadata":{"emulator":{"name":"ui"},"message":"Ignoring unsupported arg: port"}}
[debug] [2021-04-13T21:16:43.773Z] Starting Emulator UI with command {"binary":"node","args":["/home/tomek/.cache/firebase/emulators/ui-v1.4.2/server.bundle.js"],"optionalArgs":[],"joinArgs":false} {"metadata":{"emulator":{"name":"ui"},"message":"Starting Emulator UI with command {\"binary\":\"node\",\"args\":[\"/home/tomek/.cache/firebase/emulators/ui-v1.4.2/server.bundle.js\"],\"optionalArgs\":[],\"joinArgs\":false}"}}
[info] i  ui: Emulator UI logging to ui-debug.log {"metadata":{"emulator":{"name":"ui"},"message":"Emulator UI logging to \u001b[1mui-debug.log\u001b[22m"}}
[debug] [2021-04-13T21:16:44.227Z] Web / API server started at http://localhost:4000
 {"metadata":{"emulator":{"name":"ui"},"message":"Web / API server started at http://localhost:4000\n"}}
[info] i  functions: Watching "/home/tomek/Projects/tigik/functions" for Cloud Functions... {"metadata":{"emulator":{"name":"functions"},"message":"Watching \"/home/tomek/Projects/tigik/functions\" for Cloud Functions..."}}
[debug] [2021-04-13T21:16:44.299Z] [worker-pool] addWorker(~diagnostic~) {"metadata":{"emulator":{"name":"functions"},"message":"[worker-pool] addWorker(~diagnostic~)"}}
[debug] [2021-04-13T21:16:44.299Z] [worker-pool] Adding worker with key ~diagnostic~, total=1 {"metadata":{"emulator":{"name":"functions"},"message":"[worker-pool] Adding worker with key ~diagnostic~, total=1"}}
[debug] [2021-04-13T21:16:44.299Z] [worker-pool] submitWork(triggerId=) {"metadata":{"emulator":{"name":"functions"},"message":"[worker-pool] submitWork(triggerId=)"}}
[debug] [2021-04-13T21:16:44.300Z] [worker-~diagnostic~-c6a30f88-466e-466f-a4a6-68bc8a1caece]: Assigning socketPath: /tmp/fire_emu_11603.sock {"metadata":{"emulator":{"name":"functions"},"message":"[worker-~diagnostic~-c6a30f88-466e-466f-a4a6-68bc8a1caece]: Assigning socketPath: /tmp/fire_emu_11603.sock"}}
[debug] [2021-04-13T21:16:44.300Z] [worker-~diagnostic~-c6a30f88-466e-466f-a4a6-68bc8a1caece]: BUSY {"metadata":{"emulator":{"name":"functions"},"message":"[worker-~diagnostic~-c6a30f88-466e-466f-a4a6-68bc8a1caece]: BUSY"}}
[debug] [2021-04-13T21:16:44.774Z] [runtime-status] [11603] Functions runtime initialized. {"cwd":"/home/tomek/Projects/tigik/functions","node_version":"10.19.0"} {"metadata":{"emulator":{"name":"functions"},"message":"[runtime-status] [11603] Functions runtime initialized. {\"cwd\":\"/home/tomek/Projects/tigik/functions\",\"node_version\":\"10.19.0\"}"}}
[debug] [2021-04-13T21:16:44.775Z] [runtime-status] [11603] Disabled runtime features: undefined {"metadata":{"emulator":{"name":"functions"},"message":"[runtime-status] [11603] Disabled runtime features: undefined"}}
[debug] [2021-04-13T21:16:44.776Z] [runtime-status] [11603] Resolved module firebase-admin {"declared":true,"installed":true,"version":"9.6.0","resolution":"/home/tomek/Projects/tigik/functions/node_modules/firebase-admin/lib/index.js"} {"metadata":{"emulator":{"name":"functions"},"message":"[runtime-status] [11603] Resolved module firebase-admin {\"declared\":true,\"installed\":true,\"version\":\"9.6.0\",\"resolution\":\"/home/tomek/Projects/tigik/functions/node_modules/firebase-admin/lib/index.js\"}"}}
[debug] [2021-04-13T21:16:44.777Z] [runtime-status] [11603] Resolved module firebase-functions {"declared":true,"installed":true,"version":"3.13.2","resolution":"/home/tomek/Projects/tigik/functions/node_modules/firebase-functions/lib/index.js"} {"metadata":{"emulator":{"name":"functions"},"message":"[runtime-status] [11603] Resolved module firebase-functions {\"declared\":true,\"installed\":true,\"version\":\"3.13.2\",\"resolution\":\"/home/tomek/Projects/tigik/functions/node_modules/firebase-functions/lib/index.js\"}"}}
[debug] [2021-04-13T21:16:44.777Z] [runtime-status] [11603] Resolved module firebase-functions {"declared":true,"installed":true,"version":"3.13.2","resolution":"/home/tomek/Projects/tigik/functions/node_modules/firebase-functions/lib/index.js"} {"metadata":{"emulator":{"name":"functions"},"message":"[runtime-status] [11603] Resolved module firebase-functions {\"declared\":true,\"installed\":true,\"version\":\"3.13.2\",\"resolution\":\"/home/tomek/Projects/tigik/functions/node_modules/firebase-functions/lib/index.js\"}"}}
[debug] [2021-04-13T21:16:44.781Z] [runtime-status] [11603] Outgoing network have been stubbed. [{"name":"http","status":"mocked"},{"name":"http","status":"mocked"},{"name":"https","status":"mocked"},{"name":"https","status":"mocked"},{"name":"net","status":"mocked"}] {"metadata":{"emulator":{"name":"functions"},"message":"[runtime-status] [11603] Outgoing network have been stubbed. [{\"name\":\"http\",\"status\":\"mocked\"},{\"name\":\"http\",\"status\":\"mocked\"},{\"name\":\"https\",\"status\":\"mocked\"},{\"name\":\"https\",\"status\":\"mocked\"},{\"name\":\"net\",\"status\":\"mocked\"}]"}}
[debug] [2021-04-13T21:16:44.782Z] [runtime-status] [11603] Resolved module firebase-functions {"declared":true,"installed":true,"version":"3.13.2","resolution":"/home/tomek/Projects/tigik/functions/node_modules/firebase-functions/lib/index.js"} {"metadata":{"emulator":{"name":"functions"},"message":"[runtime-status] [11603] Resolved module firebase-functions {\"declared\":true,\"installed\":true,\"version\":\"3.13.2\",\"resolution\":\"/home/tomek/Projects/tigik/functions/node_modules/firebase-functions/lib/index.js\"}"}}
[debug] [2021-04-13T21:16:44.812Z] [runtime-status] [11603] Checked functions.config() {"config":{}} {"metadata":{"emulator":{"name":"functions"},"message":"[runtime-status] [11603] Checked functions.config() {\"config\":{}}"}}
[debug] [2021-04-13T21:16:44.812Z] [runtime-status] [11603] firebase-functions has been stubbed. {"functionsResolution":{"declared":true,"installed":true,"version":"3.13.2","resolution":"/home/tomek/Projects/tigik/functions/node_modules/firebase-functions/lib/index.js"}} {"metadata":{"emulator":{"name":"functions"},"message":"[runtime-status] [11603] firebase-functions has been stubbed. {\"functionsResolution\":{\"declared\":true,\"installed\":true,\"version\":\"3.13.2\",\"resolution\":\"/home/tomek/Projects/tigik/functions/node_modules/firebase-functions/lib/index.js\"}}"}}
[debug] [2021-04-13T21:16:44.813Z] [runtime-status] [11603] Resolved module firebase-functions {"declared":true,"installed":true,"version":"3.13.2","resolution":"/home/tomek/Projects/tigik/functions/node_modules/firebase-functions/lib/index.js"} {"metadata":{"emulator":{"name":"functions"},"message":"[runtime-status] [11603] Resolved module firebase-functions {\"declared\":true,\"installed\":true,\"version\":\"3.13.2\",\"resolution\":\"/home/tomek/Projects/tigik/functions/node_modules/firebase-functions/lib/index.js\"}"}}
[debug] [2021-04-13T21:16:44.814Z] [runtime-status] [11603] Resolved module firebase-admin {"declared":true,"installed":true,"version":"9.6.0","resolution":"/home/tomek/Projects/tigik/functions/node_modules/firebase-admin/lib/index.js"} {"metadata":{"emulator":{"name":"functions"},"message":"[runtime-status] [11603] Resolved module firebase-admin {\"declared\":true,\"installed\":true,\"version\":\"9.6.0\",\"resolution\":\"/home/tomek/Projects/tigik/functions/node_modules/firebase-admin/lib/index.js\"}"}}
[debug] [2021-04-13T21:16:44.814Z] [runtime-status] [11603] Resolved module firebase-functions {"declared":true,"installed":true,"version":"3.13.2","resolution":"/home/tomek/Projects/tigik/functions/node_modules/firebase-functions/lib/index.js"} {"metadata":{"emulator":{"name":"functions"},"message":"[runtime-status] [11603] Resolved module firebase-functions {\"declared\":true,\"installed\":true,\"version\":\"3.13.2\",\"resolution\":\"/home/tomek/Projects/tigik/functions/node_modules/firebase-functions/lib/index.js\"}"}}
[debug] [2021-04-13T21:16:44.814Z] [runtime-status] [11603] firebase-admin has been stubbed. {"adminResolution":{"declared":true,"installed":true,"version":"9.6.0","resolution":"/home/tomek/Projects/tigik/functions/node_modules/firebase-admin/lib/index.js"}} {"metadata":{"emulator":{"name":"functions"},"message":"[runtime-status] [11603] firebase-admin has been stubbed. {\"adminResolution\":{\"declared\":true,\"installed\":true,\"version\":\"9.6.0\",\"resolution\":\"/home/tomek/Projects/tigik/functions/node_modules/firebase-admin/lib/index.js\"}}"}}
[debug] [2021-04-13T21:16:44.815Z] [worker-~diagnostic~-c6a30f88-466e-466f-a4a6-68bc8a1caece]: IDLE {"metadata":{"emulator":{"name":"functions"},"message":"[worker-~diagnostic~-c6a30f88-466e-466f-a4a6-68bc8a1caece]: IDLE"}}
[info] ✔  functions[helloWorld]: http function initialized (http://localhost:5001/tigik-8d88c/us-central1/helloWorld). {"metadata":{"emulator":{"name":"functions"},"message":"\u001b[1mhttp\u001b[22m function initialized (http://localhost:5001/tigik-8d88c/us-central1/helloWorld)."}}
[debug] [2021-04-13T21:16:44.817Z] >>> HTTP REQUEST PUT http://localhost:9000/.settings/rules.json?ns=tigik-8d88c  
 {
  "rules": {
    ".read": "true",
    ".write": "true"
  }
}

[debug] [2021-04-13T21:16:45.151Z] <<< HTTP RESPONSE 200 {"content-length":"15","content-type":"application/json; charset=utf-8","access-control-allow-origin":"*","cache-control":"no-cache","x-firebase-project-id":"tigik-8d88c","x-firebase-project-number":"123456789","x-firebase-uuid":"51e34ca0-91d3-457d-bdfd-95a77df46d28"}
[info] 
┌─────────────────────────────────────────────────────────────┐
│ ✔  All emulators ready! It is now safe to connect your app. │
│ i  View Emulator UI at http://localhost:4000                │
└─────────────────────────────────────────────────────────────┘

┌────────────────┬────────────────┬─────────────────────────────────┐
│ Emulator       │ Host:Port      │ View in Emulator UI             │
├────────────────┼────────────────┼─────────────────────────────────┤
│ Authentication │ localhost:9099 │ http://localhost:4000/auth      │
├────────────────┼────────────────┼─────────────────────────────────┤
│ Functions      │ localhost:5001 │ http://localhost:4000/functions │
├────────────────┼────────────────┼─────────────────────────────────┤
│ Database       │ localhost:9000 │ http://localhost:4000/database  │
├────────────────┼────────────────┼─────────────────────────────────┤
│ Hosting        │ localhost:5000 │ n/a                             │
└────────────────┴────────────────┴─────────────────────────────────┘
  Emulator Hub running at localhost:4400
  Other reserved ports: 4500

Issues? Report them at https://github.com/firebase/firebase-tools/issues and attach the *-debug.log files.
 
[info] i  hosting: 127.0.0.1 - - [13/Apr/2021:21:16:52 +0000] "GET / HTTP/1.1" 200 1797 "http://localhost:4000/" "Mozilla/5.0 (X11; Linux x86_64) AppleWebKit/537.36 (KHTML, like Gecko) Chrome/89.0.4389.114 Safari/537.36" {"metadata":{"emulator":{"name":"hosting"},"message":"127.0.0.1 - - [13/Apr/2021:21:16:52 +0000] \"GET / HTTP/1.1\" 200 1797 \"http://localhost:4000/\" \"Mozilla/5.0 (X11; Linux x86_64) AppleWebKit/537.36 (KHTML, like Gecko) Chrome/89.0.4389.114 Safari/537.36\""}}
[info] i  hosting: 127.0.0.1 - - [13/Apr/2021:21:16:53 +0000] "GET /runtime-es2015.6c45801bb6b7435b2b3d.js HTTP/1.1" 200 2285 "http://localhost:5000/" "Mozilla/5.0 (X11; Linux x86_64) AppleWebKit/537.36 (KHTML, like Gecko) Chrome/89.0.4389.114 Safari/537.36" {"metadata":{"emulator":{"name":"hosting"},"message":"127.0.0.1 - - [13/Apr/2021:21:16:53 +0000] \"GET /runtime-es2015.6c45801bb6b7435b2b3d.js HTTP/1.1\" 200 2285 \"http://localhost:5000/\" \"Mozilla/5.0 (X11; Linux x86_64) AppleWebKit/537.36 (KHTML, like Gecko) Chrome/89.0.4389.114 Safari/537.36\""}}
[info] i  hosting: 127.0.0.1 - - [13/Apr/2021:21:16:53 +0000] "GET /polyfills-es2015.85a708fca2e0455ecd2a.js HTTP/1.1" 200 51089 "http://localhost:5000/" "Mozilla/5.0 (X11; Linux x86_64) AppleWebKit/537.36 (KHTML, like Gecko) Chrome/89.0.4389.114 Safari/537.36" {"metadata":{"emulator":{"name":"hosting"},"message":"127.0.0.1 - - [13/Apr/2021:21:16:53 +0000] \"GET /polyfills-es2015.85a708fca2e0455ecd2a.js HTTP/1.1\" 200 51089 \"http://localhost:5000/\" \"Mozilla/5.0 (X11; Linux x86_64) AppleWebKit/537.36 (KHTML, like Gecko) Chrome/89.0.4389.114 Safari/537.36\""}}
[info] i  hosting: 127.0.0.1 - - [13/Apr/2021:21:16:53 +0000] "GET /styles.163fbcfd040aa7e75f83.css HTTP/1.1" 200 72969 "http://localhost:5000/" "Mozilla/5.0 (X11; Linux x86_64) AppleWebKit/537.36 (KHTML, like Gecko) Chrome/89.0.4389.114 Safari/537.36" {"metadata":{"emulator":{"name":"hosting"},"message":"127.0.0.1 - - [13/Apr/2021:21:16:53 +0000] \"GET /styles.163fbcfd040aa7e75f83.css HTTP/1.1\" 200 72969 \"http://localhost:5000/\" \"Mozilla/5.0 (X11; Linux x86_64) AppleWebKit/537.36 (KHTML, like Gecko) Chrome/89.0.4389.114 Safari/537.36\""}}
[info] i  hosting: 127.0.0.1 - - [13/Apr/2021:21:16:53 +0000] "GET /main-es2015.579fb1a096e720598312.js HTTP/1.1" 200 1095980 "http://localhost:5000/" "Mozilla/5.0 (X11; Linux x86_64) AppleWebKit/537.36 (KHTML, like Gecko) Chrome/89.0.4389.114 Safari/537.36" {"metadata":{"emulator":{"name":"hosting"},"message":"127.0.0.1 - - [13/Apr/2021:21:16:53 +0000] \"GET /main-es2015.579fb1a096e720598312.js HTTP/1.1\" 200 1095980 \"http://localhost:5000/\" \"Mozilla/5.0 (X11; Linux x86_64) AppleWebKit/537.36 (KHTML, like Gecko) Chrome/89.0.4389.114 Safari/537.36\""}}
[info] i  hosting: 127.0.0.1 - - [13/Apr/2021:21:16:53 +0000] "GET /5-es2015.c845d924a38efa7d0752.js HTTP/1.1" 200 175718 "http://localhost:5000/" "Mozilla/5.0 (X11; Linux x86_64) AppleWebKit/537.36 (KHTML, like Gecko) Chrome/89.0.4389.114 Safari/537.36" {"metadata":{"emulator":{"name":"hosting"},"message":"127.0.0.1 - - [13/Apr/2021:21:16:53 +0000] \"GET /5-es2015.c845d924a38efa7d0752.js HTTP/1.1\" 200 175718 \"http://localhost:5000/\" \"Mozilla/5.0 (X11; Linux x86_64) AppleWebKit/537.36 (KHTML, like Gecko) Chrome/89.0.4389.114 Safari/537.36\""}}
[info] i  hosting: 127.0.0.1 - - [13/Apr/2021:21:16:53 +0000] "GET /assets/periodicTable.json HTTP/1.1" 200 133352 "http://localhost:5000/" "Mozilla/5.0 (X11; Linux x86_64) AppleWebKit/537.36 (KHTML, like Gecko) Chrome/89.0.4389.114 Safari/537.36" {"metadata":{"emulator":{"name":"hosting"},"message":"127.0.0.1 - - [13/Apr/2021:21:16:53 +0000] \"GET /assets/periodicTable.json HTTP/1.1\" 200 133352 \"http://localhost:5000/\" \"Mozilla/5.0 (X11; Linux x86_64) AppleWebKit/537.36 (KHTML, like Gecko) Chrome/89.0.4389.114 Safari/537.36\""}}
[info] i  hosting: 127.0.0.1 - - [13/Apr/2021:21:16:53 +0000] "GET /favicon.ico HTTP/1.1" 200 5430 "http://localhost:5000/" "Mozilla/5.0 (X11; Linux x86_64) AppleWebKit/537.36 (KHTML, like Gecko) Chrome/89.0.4389.114 Safari/537.36" {"metadata":{"emulator":{"name":"hosting"},"message":"127.0.0.1 - - [13/Apr/2021:21:16:53 +0000] \"GET /favicon.ico HTTP/1.1\" 200 5430 \"http://localhost:5000/\" \"Mozilla/5.0 (X11; Linux x86_64) AppleWebKit/537.36 (KHTML, like Gecko) Chrome/89.0.4389.114 Safari/537.36\""}}
[info] i  hosting: 127.0.0.1 - - [13/Apr/2021:21:17:24 +0000] "GET / HTTP/1.1" 200 1797 "http://localhost:4000/" "Mozilla/5.0 (X11; Linux x86_64) AppleWebKit/537.36 (KHTML, like Gecko) Chrome/89.0.4389.114 Safari/537.36" {"metadata":{"emulator":{"name":"hosting"},"message":"127.0.0.1 - - [13/Apr/2021:21:17:24 +0000] \"GET / HTTP/1.1\" 200 1797 \"http://localhost:4000/\" \"Mozilla/5.0 (X11; Linux x86_64) AppleWebKit/537.36 (KHTML, like Gecko) Chrome/89.0.4389.114 Safari/537.36\""}}
[info] i  hosting: 127.0.0.1 - - [13/Apr/2021:21:17:24 +0000] "GET /favicon.ico HTTP/1.1" 200 5430 "http://localhost:5000/" "Mozilla/5.0 (X11; Linux x86_64) AppleWebKit/537.36 (KHTML, like Gecko) Chrome/89.0.4389.114 Safari/537.36" {"metadata":{"emulator":{"name":"hosting"},"message":"127.0.0.1 - - [13/Apr/2021:21:17:24 +0000] \"GET /favicon.ico HTTP/1.1\" 200 5430 \"http://localhost:5000/\" \"Mozilla/5.0 (X11; Linux x86_64) AppleWebKit/537.36 (KHTML, like Gecko) Chrome/89.0.4389.114 Safari/537.36\""}}
