[debug] [2019-10-27T18:26:35.094Z] ----------------------------------------------------------------------
[debug] [2019-10-27T18:26:35.097Z] Command:       /home/tomek/.nvm/versions/node/v9.11.2/bin/node /usr/bin/firebase deploy
[debug] [2019-10-27T18:26:35.097Z] CLI Version:   3.14.0
[debug] [2019-10-27T18:26:35.097Z] Platform:      linux
[debug] [2019-10-27T18:26:35.097Z] Node Version:  v9.11.2
[debug] [2019-10-27T18:26:35.098Z] Time:          Sun Oct 27 2019 19:26:35 GMT+0100 (CET)
[debug] [2019-10-27T18:26:35.098Z] ----------------------------------------------------------------------
[debug] 
[debug] [2019-10-27T18:26:35.107Z] > command requires scopes: ["email","openid","https://www.googleapis.com/auth/cloudplatformprojects.readonly","https://www.googleapis.com/auth/firebase","https://www.googleapis.com/auth/cloud-platform"]
[debug] [2019-10-27T18:26:35.107Z] > authorizing via signed-in user
[debug] [2019-10-27T18:26:35.109Z] >>> HTTP REQUEST GET https://admin.firebase.com/v1/projects/tigik-8d88c  
 Sun Oct 27 2019 19:26:35 GMT+0100 (CET)
[debug] [2019-10-27T18:26:35.985Z] <<< HTTP RESPONSE 200
[debug] [2019-10-27T18:26:35.985Z] >>> HTTP REQUEST GET https://admin.firebase.com/v1/database/tigik-8d88c/tokens  
 Sun Oct 27 2019 19:26:35 GMT+0100 (CET)
[debug] [2019-10-27T18:26:36.582Z] <<< HTTP RESPONSE 200
[info] 1
[info] 
[info] === Deploying to 'tigik-8d88c'...
[info] 
[info] i  deploying hosting
[info] i  hosting: preparing dist directory for upload...
[debug] [2019-10-27T18:26:38.296Z] >>> HTTP REQUEST PUT https://deploy.firebase.com/v1/hosting/tigik-8d88c/uploads/-LsDT4GymzxmOrPs4Xal?fileCount=23&message=  
 Sun Oct 27 2019 19:26:38 GMT+0100 (CET)
[debug] [2019-10-27T18:26:43.621Z] <<< HTTP RESPONSE 410
[debug] [2019-10-27T18:26:43.621Z] <<< HTTP RESPONSE BODY undefined
[debug] [2019-10-27T18:26:43.622Z] TypeError: Cannot read property 'error' of undefined
    at module.exports (/usr/lib/node_modules/firebase-tools/lib/responseToError.js:10:13)
    at Request._callback (/usr/lib/node_modules/firebase-tools/lib/api.js:43:25)
    at Request.self.callback (/usr/lib/node_modules/firebase-tools/node_modules/request/request.js:186:22)
    at Request.emit (events.js:180:13)
    at Request.emit (domain.js:422:20)
    at Request.<anonymous> (/usr/lib/node_modules/firebase-tools/node_modules/request/request.js:1163:10)
    at Request.emit (events.js:180:13)
    at Request.emit (domain.js:422:20)
    at IncomingMessage.<anonymous> (/usr/lib/node_modules/firebase-tools/node_modules/request/request.js:1085:12)
    at Object.onceWrapper (events.js:272:13)
[error] 
[error] Error: An unexpected error has occurred.
[debug] [2019-10-27T18:27:56.687Z] ----------------------------------------------------------------------
[debug] [2019-10-27T18:27:56.692Z] Command:       /home/tomek/.nvm/versions/node/v9.11.2/bin/node /usr/bin/firebase deploy --debug
[debug] [2019-10-27T18:27:56.692Z] CLI Version:   3.14.0
[debug] [2019-10-27T18:27:56.693Z] Platform:      linux
[debug] [2019-10-27T18:27:56.693Z] Node Version:  v9.11.2
[debug] [2019-10-27T18:27:56.693Z] Time:          Sun Oct 27 2019 19:27:56 GMT+0100 (CET)
[debug] [2019-10-27T18:27:56.693Z] ----------------------------------------------------------------------
[debug] 
[debug] [2019-10-27T18:27:56.704Z] > command requires scopes: ["email","openid","https://www.googleapis.com/auth/cloudplatformprojects.readonly","https://www.googleapis.com/auth/firebase","https://www.googleapis.com/auth/cloud-platform"]
[debug] [2019-10-27T18:27:56.705Z] > authorizing via signed-in user
[debug] [2019-10-27T18:27:56.707Z] >>> HTTP REQUEST GET https://admin.firebase.com/v1/projects/tigik-8d88c  
 Sun Oct 27 2019 19:27:56 GMT+0100 (CET)
[debug] [2019-10-27T18:27:57.645Z] <<< HTTP RESPONSE 200
[debug] [2019-10-27T18:27:57.646Z] >>> HTTP REQUEST GET https://admin.firebase.com/v1/database/tigik-8d88c/tokens  
 Sun Oct 27 2019 19:27:57 GMT+0100 (CET)
[debug] [2019-10-27T18:27:58.278Z] <<< HTTP RESPONSE 200
[info] 1
[info] 
[info] === Deploying to 'tigik-8d88c'...
[info] 
[info] i  deploying hosting
[info] i  hosting: preparing dist directory for upload...
[debug] [2019-10-27T18:28:00.690Z] >>> HTTP REQUEST PUT https://deploy.firebase.com/v1/hosting/tigik-8d88c/uploads/-LsDTOOOkmo0QkiNloQL?fileCount=23&message=  
 Sun Oct 27 2019 19:28:00 GMT+0100 (CET)
[debug] [2019-10-27T18:28:13.289Z] <<< HTTP RESPONSE 410
[debug] [2019-10-27T18:28:13.289Z] <<< HTTP RESPONSE BODY undefined
[debug] [2019-10-27T18:28:13.291Z] TypeError: Cannot read property 'error' of undefined
    at module.exports (/usr/lib/node_modules/firebase-tools/lib/responseToError.js:10:13)
    at Request._callback (/usr/lib/node_modules/firebase-tools/lib/api.js:43:25)
    at Request.self.callback (/usr/lib/node_modules/firebase-tools/node_modules/request/request.js:186:22)
    at Request.emit (events.js:180:13)
    at Request.emit (domain.js:422:20)
    at Request.<anonymous> (/usr/lib/node_modules/firebase-tools/node_modules/request/request.js:1163:10)
    at Request.emit (events.js:180:13)
    at Request.emit (domain.js:422:20)
    at IncomingMessage.<anonymous> (/usr/lib/node_modules/firebase-tools/node_modules/request/request.js:1085:12)
    at Object.onceWrapper (events.js:272:13)
[error] 
[error] Error: An unexpected error has occurred.
[debug] [2019-10-27T18:29:39.856Z] ----------------------------------------------------------------------
[debug] [2019-10-27T18:29:39.859Z] Command:       /home/tomek/.nvm/versions/node/v9.11.2/bin/node /usr/bin/firebase deploy --debug
[debug] [2019-10-27T18:29:39.860Z] CLI Version:   3.14.0
[debug] [2019-10-27T18:29:39.860Z] Platform:      linux
[debug] [2019-10-27T18:29:39.860Z] Node Version:  v9.11.2
[debug] [2019-10-27T18:29:39.860Z] Time:          Sun Oct 27 2019 19:29:39 GMT+0100 (CET)
[debug] [2019-10-27T18:29:39.860Z] ----------------------------------------------------------------------
[debug] 
[debug] [2019-10-27T18:29:39.868Z] > command requires scopes: ["email","openid","https://www.googleapis.com/auth/cloudplatformprojects.readonly","https://www.googleapis.com/auth/firebase","https://www.googleapis.com/auth/cloud-platform"]
[debug] [2019-10-27T18:29:39.869Z] > authorizing via signed-in user
[debug] [2019-10-27T18:29:39.870Z] >>> HTTP REQUEST GET https://admin.firebase.com/v1/projects/tigik-8d88c  
 Sun Oct 27 2019 19:29:39 GMT+0100 (CET)
[debug] [2019-10-27T18:29:40.754Z] <<< HTTP RESPONSE 200
[debug] [2019-10-27T18:29:40.755Z] >>> HTTP REQUEST GET https://admin.firebase.com/v1/database/tigik-8d88c/tokens  
 Sun Oct 27 2019 19:29:40 GMT+0100 (CET)
[debug] [2019-10-27T18:29:41.373Z] <<< HTTP RESPONSE 200
[info] 1
[info] 
[info] === Deploying to 'tigik-8d88c'...
[info] 
[info] i  deploying hosting
[info] i  hosting: preparing dist directory for upload...
[debug] [2019-10-27T18:29:43.022Z] >>> HTTP REQUEST PUT https://deploy.firebase.com/v1/hosting/tigik-8d88c/uploads/-LsDTmNdBZXya6qOGQnq?fileCount=23&message=  
 Sun Oct 27 2019 19:29:43 GMT+0100 (CET)
[debug] [2019-10-27T18:29:51.485Z] <<< HTTP RESPONSE 410
[debug] [2019-10-27T18:29:51.486Z] <<< HTTP RESPONSE BODY undefined
[debug] [2019-10-27T18:29:51.491Z] TypeError: Cannot read property 'error' of undefined
    at module.exports (/usr/lib/node_modules/firebase-tools/lib/responseToError.js:10:13)
    at Request._callback (/usr/lib/node_modules/firebase-tools/lib/api.js:43:25)
    at Request.self.callback (/usr/lib/node_modules/firebase-tools/node_modules/request/request.js:186:22)
    at Request.emit (events.js:180:13)
    at Request.emit (domain.js:422:20)
    at Request.<anonymous> (/usr/lib/node_modules/firebase-tools/node_modules/request/request.js:1163:10)
    at Request.emit (events.js:180:13)
    at Request.emit (domain.js:422:20)
    at IncomingMessage.<anonymous> (/usr/lib/node_modules/firebase-tools/node_modules/request/request.js:1085:12)
    at Object.onceWrapper (events.js:272:13)
[error] 
[error] Error: An unexpected error has occurred.
[debug] [2019-10-27T18:31:35.721Z] ----------------------------------------------------------------------
[debug] [2019-10-27T18:31:35.727Z] Command:       /home/tomek/.nvm/versions/node/v10.16.0/bin/node /usr/bin/firebase deploy --debug
[debug] [2019-10-27T18:31:35.727Z] CLI Version:   3.14.0
[debug] [2019-10-27T18:31:35.727Z] Platform:      linux
[debug] [2019-10-27T18:31:35.727Z] Node Version:  v10.16.0
[debug] [2019-10-27T18:31:35.729Z] Time:          Sun Oct 27 2019 19:31:35 GMT+0100 (Central European Standard Time)
[debug] [2019-10-27T18:31:35.729Z] ----------------------------------------------------------------------
[debug] 
[debug] [2019-10-27T18:31:35.740Z] > command requires scopes: ["email","openid","https://www.googleapis.com/auth/cloudplatformprojects.readonly","https://www.googleapis.com/auth/firebase","https://www.googleapis.com/auth/cloud-platform"]
[debug] [2019-10-27T18:31:35.740Z] > authorizing via signed-in user
[debug] [2019-10-27T18:31:35.743Z] >>> HTTP REQUEST GET https://admin.firebase.com/v1/projects/tigik-8d88c  
 Sun Oct 27 2019 19:31:35 GMT+0100 (Central European Standard Time)
[debug] [2019-10-27T18:31:36.530Z] <<< HTTP RESPONSE 200
[debug] [2019-10-27T18:31:36.533Z] >>> HTTP REQUEST GET https://admin.firebase.com/v1/database/tigik-8d88c/tokens  
 Sun Oct 27 2019 19:31:36 GMT+0100 (Central European Standard Time)
[debug] [2019-10-27T18:31:37.147Z] <<< HTTP RESPONSE 200
[info] 1
[info] 
[info] === Deploying to 'tigik-8d88c'...
[info] 
[info] i  deploying hosting
[info] i  hosting: preparing dist directory for upload...
[debug] [2019-10-27T18:31:38.876Z] >>> HTTP REQUEST PUT https://deploy.firebase.com/v1/hosting/tigik-8d88c/uploads/-LsDUDeXZmXKk-yDnssZ?fileCount=23&message=  
 Sun Oct 27 2019 19:31:38 GMT+0100 (Central European Standard Time)
[debug] [2019-10-27T18:31:43.079Z] <<< HTTP RESPONSE 410
[debug] [2019-10-27T18:31:43.080Z] <<< HTTP RESPONSE BODY undefined
[debug] [2019-10-27T18:31:43.085Z] TypeError: Cannot read property 'error' of undefined
    at module.exports (/usr/lib/node_modules/firebase-tools/lib/responseToError.js:10:13)
    at Request._callback (/usr/lib/node_modules/firebase-tools/lib/api.js:43:25)
    at Request.self.callback (/usr/lib/node_modules/firebase-tools/node_modules/request/request.js:186:22)
    at Request.emit (events.js:198:13)
    at Request.EventEmitter.emit (domain.js:448:20)
    at Request.<anonymous> (/usr/lib/node_modules/firebase-tools/node_modules/request/request.js:1163:10)
    at Request.emit (events.js:198:13)
    at Request.EventEmitter.emit (domain.js:448:20)
    at IncomingMessage.<anonymous> (/usr/lib/node_modules/firebase-tools/node_modules/request/request.js:1085:12)
    at Object.onceWrapper (events.js:286:20)
[error] 
[error] Error: An unexpected error has occurred.
[debug] [2019-10-27T18:32:22.381Z] ----------------------------------------------------------------------
[debug] [2019-10-27T18:32:22.384Z] Command:       /home/tomek/.nvm/versions/node/v10.16.0/bin/node /home/tomek/.nvm/versions/node/v10.16.0/bin/firebase deploy --debug
[debug] [2019-10-27T18:32:22.384Z] CLI Version:   7.6.1
[debug] [2019-10-27T18:32:22.384Z] Platform:      linux
[debug] [2019-10-27T18:32:22.384Z] Node Version:  v10.16.0
[debug] [2019-10-27T18:32:22.385Z] Time:          Sun Oct 27 2019 19:32:22 GMT+0100 (Central European Standard Time)
[debug] [2019-10-27T18:32:22.385Z] ----------------------------------------------------------------------
[debug] [2019-10-27T18:32:22.385Z] 
[debug] [2019-10-27T18:32:22.390Z] > command requires scopes: ["email","openid","https://www.googleapis.com/auth/cloudplatformprojects.readonly","https://www.googleapis.com/auth/firebase","https://www.googleapis.com/auth/cloud-platform"]
[debug] [2019-10-27T18:32:22.390Z] > authorizing via signed-in user
[debug] [2019-10-27T18:32:22.391Z] [iam] checking project tigik-8d88c for permissions ["firebase.projects.get","firebasehosting.sites.update"]
[debug] [2019-10-27T18:32:22.392Z] >>> HTTP REQUEST POST https://cloudresourcemanager.googleapis.com/v1/projects/tigik-8d88c:testIamPermissions  

[debug] [2019-10-27T18:32:25.807Z] <<< HTTP RESPONSE 200
[debug] [2019-10-27T18:32:25.811Z] >>> HTTP REQUEST GET https://firebase.googleapis.com/v1beta1/projects/tigik-8d88c  
 
[debug] [2019-10-27T18:32:26.343Z] <<< HTTP RESPONSE 200
[info] 
[info] === Deploying to 'tigik-8d88c'...
[info] 
[info] i  deploying hosting
[debug] [2019-10-27T18:32:26.347Z] >>> HTTP REQUEST POST https://firebasehosting.googleapis.com/v1beta1/sites/tigik-8d88c/versions  

[debug] [2019-10-27T18:32:28.875Z] <<< HTTP RESPONSE 200
[info] i  hosting[tigik-8d88c]: beginning deploy...
[info] i  hosting[tigik-8d88c]: found 23 files in dist
[debug] [2019-10-27T18:32:28.886Z] [hosting] hash cache [ZGlzdA] not populated
[info] i  hosting: hashing files [22/23] (95%)
[debug] [2019-10-27T18:32:31.175Z] [hosting] hash cache [ZGlzdA] stored for 23 files
[debug] [2019-10-27T18:32:31.175Z] [hosting][hash queue][FINAL]
[debug] [2019-10-27T18:32:31.175Z] >>> HTTP REQUEST POST https://firebasehosting.googleapis.com/v1beta1/sites/tigik-8d88c/versions/440b68b94d08003a:populateFiles  
 <request body omitted>
[info] i  hosting: adding files to version [0/23] (0%)
[debug] [2019-10-27T18:32:33.253Z] <<< HTTP RESPONSE 200
[debug] [2019-10-27T18:32:33.266Z] [hosting][populate queue][FINAL]
[debug] [2019-10-27T18:32:33.266Z] [hosting] uploads queued: 23
[info] i  hosting: uploading new files [0/23] (0%)
[info] i  hosting: uploading new files [17/23] (73%)
[info] i  hosting: uploading new files [21/23] (91%)
[debug] [2019-10-27T18:32:39.537Z] [hosting][upload queue][FINAL]
[info] ✔  hosting[tigik-8d88c]: file upload complete
[debug] [2019-10-27T18:32:39.539Z] [hosting] deploy completed after 10662ms
[debug] [2019-10-27T18:32:39.654Z] [
  {
    "config": {
      "public": "dist",
      "ignore": [
        "firebase.json",
        "**/.*",
        "**/node_modules/**"
      ],
      "rewrites": [
        {
          "source": "**",
          "destination": "/index.html"
        }
      ],
      "site": "tigik-8d88c"
    },
    "site": "tigik-8d88c",
    "version": "sites/tigik-8d88c/versions/440b68b94d08003a"
  }
]
[info] i  hosting[tigik-8d88c]: finalizing version...
[debug] [2019-10-27T18:32:39.655Z] >>> HTTP REQUEST PATCH https://firebasehosting.googleapis.com/v1beta1/sites/tigik-8d88c/versions/440b68b94d08003a?updateMask=status  

[debug] [2019-10-27T18:32:40.857Z] <<< HTTP RESPONSE 200
[debug] [2019-10-27T18:32:40.858Z] [hosting] finalized version for tigik-8d88c:
[info] ✔  hosting[tigik-8d88c]: version finalized
[info] i  hosting[tigik-8d88c]: releasing new version...
[debug] [2019-10-27T18:32:40.859Z] >>> HTTP REQUEST POST https://firebasehosting.googleapis.com/v1beta1/sites/tigik-8d88c/releases?version_name=sites/tigik-8d88c/versions/440b68b94d08003a  

[debug] [2019-10-27T18:32:41.997Z] <<< HTTP RESPONSE 200
[debug] [2019-10-27T18:32:41.998Z] [hosting] release:
[info] ✔  hosting[tigik-8d88c]: release complete
[info] 
[info] ✔  Deploy complete!
[info] 
[info] Project Console: https://console.firebase.google.com/project/tigik-8d88c/overview
[info] Hosting URL: https://tigik-8d88c.firebaseapp.com
