Web / API server started at 0.0.0.0:4000

  #  node[11689]: void node::ResetStdio() at ../src/node.cc:756
  #  Assertion failed: !(err != 0) || (err == -1 && (*__errno_location ()) == 1)

----- Native stack trace -----

 1: 0xf76517 node::Assert(node::AssertionInfo const&) [node]
 2: 0xf217f4  [node]
 3: 0xf219a1 node::SignalExit(int, siginfo_t*, void*) [node]
 4: 0x7f52d6e78420  [/lib/x86_64-linux-gnu/libpthread.so.0]
 5: 0x7f52d6d914b6 epoll_pwait [/lib/x86_64-linux-gnu/libc.so.6]
 6: 0x1d407e2  [node]
 7: 0x1d2c8e7 uv_run [node]
 8: 0xe726d6 node::SpinEventLoopInternal(node::Environment*) [node]
 9: 0xfcc171 node::NodeMainInstance::Run() [node]
10: 0xf2971b node::Start(int, char**) [node]
11: 0x7f52d6c96083 __libc_start_main [/lib/x86_64-linux-gnu/libc.so.6]
12: 0xe6f97e _start [node]
FATAL ERROR: v8::HandleScope::CreateHandle() Cannot create a handle without a HandleScope
----- Native stack trace -----

 1: 0xe19ca5 node::OnFatalError(char const*, char const*) [node]
 2: 0x123f916 v8::Utils::ReportApiFailure(char const*, char const*) [node]
 3: 0x13ec83a v8::internal::HandleScope::Extend(v8::internal::Isolate*) [node]
 4: 0x12411d0 v8::EscapableHandleScopeBase::EscapableHandleScopeBase(v8::Isolate*) [node]
 5: 0xf76456 node::GetCurrentStackTrace(v8::Isolate*, int) [node]
 6: 0xec10db node::DumpJavaScriptBacktrace(_IO_FILE*) [node]
 7: 0xf76523 node::Assert(node::AssertionInfo const&) [node]
 8: 0xf217f4  [node]
 9: 0xf219a1 node::SignalExit(int, siginfo_t*, void*) [node]
10: 0x7f52d6e78420  [/lib/x86_64-linux-gnu/libpthread.so.0]
11: 0x7f52d6d914b6 epoll_pwait [/lib/x86_64-linux-gnu/libc.so.6]
12: 0x1d407e2  [node]
13: 0x1d2c8e7 uv_run [node]
14: 0xe726d6 node::SpinEventLoopInternal(node::Environment*) [node]
15: 0xfcc171 node::NodeMainInstance::Run() [node]
16: 0xf2971b node::Start(int, char**) [node]
17: 0x7f52d6c96083 __libc_start_main [/lib/x86_64-linux-gnu/libc.so.6]
18: 0xe6f97e _start [node]
